{"C:\\Users\\ethan\\OneDrive\\Escritorio\\Project\\challenge-CloudframeWork\\src\\components\\ErrorComponent.jsx": {"path":"C:\\Users\\ethan\\OneDrive\\Escritorio\\Project\\challenge-CloudframeWork\\src\\components\\ErrorComponent.jsx","statementMap":{"0":{"start":{"line":4,"column":23},"end":{"line":15,"column":1}},"1":{"start":{"line":5,"column":2},"end":{"line":14,"column":4}}},"fnMap":{"0":{"name":"(anonymous_0)","decl":{"start":{"line":4,"column":23},"end":{"line":4,"column":24}},"loc":{"start":{"line":4,"column":38},"end":{"line":15,"column":1}},"line":4}},"branchMap":{},"s":{"0":1,"1":1},"f":{"0":1},"b":{},"_coverageSchema":"1a1c01bbd47fc00a2c39e90264f33305004495a9","hash":"a1abb44d78ae9a2145e87d3561d512335de2f673"}
,"C:\\Users\\ethan\\OneDrive\\Escritorio\\Project\\challenge-CloudframeWork\\src\\components\\FormComponent.jsx": {"path":"C:\\Users\\ethan\\OneDrive\\Escritorio\\Project\\challenge-CloudframeWork\\src\\components\\FormComponent.jsx","statementMap":{"0":{"start":{"line":3,"column":22},"end":{"line":134,"column":1}},"1":{"start":{"line":9,"column":2},"end":{"line":133,"column":4}},"2":{"start":{"line":107,"column":56},"end":{"line":107,"column":65}},"3":{"start":{"line":109,"column":18},"end":{"line":111,"column":27}}},"fnMap":{"0":{"name":"(anonymous_0)","decl":{"start":{"line":3,"column":22},"end":{"line":3,"column":23}},"loc":{"start":{"line":8,"column":6},"end":{"line":134,"column":1}},"line":8},"1":{"name":"(anonymous_1)","decl":{"start":{"line":107,"column":42},"end":{"line":107,"column":43}},"loc":{"start":{"line":107,"column":56},"end":{"line":107,"column":65}},"line":107},"2":{"name":"(anonymous_2)","decl":{"start":{"line":108,"column":16},"end":{"line":108,"column":17}},"loc":{"start":{"line":109,"column":18},"end":{"line":111,"column":27}},"line":109}},"branchMap":{},"s":{"0":2,"1":4,"2":80,"3":80},"f":{"0":4,"1":80,"2":80},"b":{},"_coverageSchema":"1a1c01bbd47fc00a2c39e90264f33305004495a9","hash":"a1f3e182d053e08ba85d82f0f65ecac1298ce89d"}
,"C:\\Users\\ethan\\OneDrive\\Escritorio\\Project\\challenge-CloudframeWork\\src\\components\\SuccessComponent.jsx": {"path":"C:\\Users\\ethan\\OneDrive\\Escritorio\\Project\\challenge-CloudframeWork\\src\\components\\SuccessComponent.jsx","statementMap":{"0":{"start":{"line":4,"column":25},"end":{"line":26,"column":1}},"1":{"start":{"line":5,"column":2},"end":{"line":25,"column":4}}},"fnMap":{"0":{"name":"(anonymous_0)","decl":{"start":{"line":4,"column":25},"end":{"line":4,"column":26}},"loc":{"start":{"line":4,"column":43},"end":{"line":26,"column":1}},"line":4}},"branchMap":{},"s":{"0":1,"1":1},"f":{"0":1},"b":{},"_coverageSchema":"1a1c01bbd47fc00a2c39e90264f33305004495a9","hash":"360a7da8165d262a8e6d257e1368632a4174a9ef"}
,"C:\\Users\\ethan\\OneDrive\\Escritorio\\Project\\challenge-CloudframeWork\\src\\hooks\\useForm.js": {"path":"C:\\Users\\ethan\\OneDrive\\Escritorio\\Project\\challenge-CloudframeWork\\src\\hooks\\useForm.js","statementMap":{"0":{"start":{"line":4,"column":16},"end":{"line":55,"column":1}},"1":{"start":{"line":5,"column":28},"end":{"line":5,"column":42}},"2":{"start":{"line":6,"column":32},"end":{"line":6,"column":47}},"3":{"start":{"line":8,"column":23},"end":{"line":14,"column":3}},"4":{"start":{"line":9,"column":43},"end":{"line":9,"column":51}},"5":{"start":{"line":10,"column":4},"end":{"line":13,"column":8}},"6":{"start":{"line":10,"column":31},"end":{"line":13,"column":5}},"7":{"start":{"line":16,"column":23},"end":{"line":46,"column":3}},"8":{"start":{"line":17,"column":4},"end":{"line":17,"column":23}},"9":{"start":{"line":18,"column":4},"end":{"line":18,"column":19}},"10":{"start":{"line":19,"column":4},"end":{"line":45,"column":5}},"11":{"start":{"line":20,"column":18},"end":{"line":20,"column":94}},"12":{"start":{"line":21,"column":23},"end":{"line":30,"column":8}},"13":{"start":{"line":32,"column":19},"end":{"line":32,"column":40}},"14":{"start":{"line":34,"column":6},"end":{"line":42,"column":7}},"15":{"start":{"line":35,"column":8},"end":{"line":35,"column":31}},"16":{"start":{"line":36,"column":8},"end":{"line":36,"column":25}},"17":{"start":{"line":38,"column":30},"end":{"line":38,"column":51}},"18":{"start":{"line":39,"column":8},"end":{"line":41,"column":10}},"19":{"start":{"line":44,"column":6},"end":{"line":44,"column":30}},"20":{"start":{"line":48,"column":2},"end":{"line":54,"column":4}}},"fnMap":{"0":{"name":"(anonymous_0)","decl":{"start":{"line":4,"column":16},"end":{"line":4,"column":17}},"loc":{"start":{"line":4,"column":57},"end":{"line":55,"column":1}},"line":4},"1":{"name":"(anonymous_1)","decl":{"start":{"line":8,"column":23},"end":{"line":8,"column":24}},"loc":{"start":{"line":8,"column":30},"end":{"line":14,"column":3}},"line":8},"2":{"name":"(anonymous_2)","decl":{"start":{"line":10,"column":16},"end":{"line":10,"column":17}},"loc":{"start":{"line":10,"column":31},"end":{"line":13,"column":5}},"line":10},"3":{"name":"(anonymous_3)","decl":{"start":{"line":16,"column":23},"end":{"line":16,"column":24}},"loc":{"start":{"line":16,"column":36},"end":{"line":46,"column":3}},"line":16}},"branchMap":{"0":{"loc":{"start":{"line":12,"column":14},"end":{"line":12,"column":51}},"type":"cond-expr","locations":[{"start":{"line":12,"column":36},"end":{"line":12,"column":43}},{"start":{"line":12,"column":46},"end":{"line":12,"column":51}}],"line":12},"1":{"loc":{"start":{"line":34,"column":6},"end":{"line":42,"column":7}},"type":"if","locations":[{"start":{"line":34,"column":6},"end":{"line":42,"column":7}},{"start":{"line":37,"column":13},"end":{"line":42,"column":7}}],"line":34},"2":{"loc":{"start":{"line":40,"column":10},"end":{"line":40,"column":74}},"type":"binary-expr","locations":[{"start":{"line":40,"column":10},"end":{"line":40,"column":43}},{"start":{"line":40,"column":47},"end":{"line":40,"column":74}}],"line":40}},"s":{"0":1,"1":0,"2":0,"3":0,"4":0,"5":0,"6":0,"7":0,"8":0,"9":0,"10":0,"11":0,"12":0,"13":0,"14":0,"15":0,"16":0,"17":0,"18":0,"19":0,"20":0},"f":{"0":0,"1":0,"2":0,"3":0},"b":{"0":[0,0],"1":[0,0],"2":[0,0]},"_coverageSchema":"1a1c01bbd47fc00a2c39e90264f33305004495a9","hash":"95c09ca4386869e4ac45b2c97e0e076ef1faa3dd"}
,"C:\\Users\\ethan\\OneDrive\\Escritorio\\Project\\challenge-CloudframeWork\\src\\hooks\\useUserData.js": {"path":"C:\\Users\\ethan\\OneDrive\\Escritorio\\Project\\challenge-CloudframeWork\\src\\hooks\\useUserData.js","statementMap":{"0":{"start":{"line":3,"column":20},"end":{"line":46,"column":1}},"1":{"start":{"line":4,"column":34},"end":{"line":14,"column":4}},"2":{"start":{"line":15,"column":28},"end":{"line":15,"column":42}},"3":{"start":{"line":17,"column":25},"end":{"line":19,"column":3}},"4":{"start":{"line":18,"column":4},"end":{"line":18,"column":22}},"5":{"start":{"line":21,"column":24},"end":{"line":35,"column":3}},"6":{"start":{"line":22,"column":4},"end":{"line":34,"column":5}},"7":{"start":{"line":23,"column":23},"end":{"line":25,"column":7}},"8":{"start":{"line":26,"column":19},"end":{"line":26,"column":40}},"9":{"start":{"line":27,"column":6},"end":{"line":31,"column":7}},"10":{"start":{"line":28,"column":8},"end":{"line":28,"column":34}},"11":{"start":{"line":30,"column":8},"end":{"line":30,"column":61}},"12":{"start":{"line":33,"column":6},"end":{"line":33,"column":30}},"13":{"start":{"line":37,"column":2},"end":{"line":43,"column":31}},"14":{"start":{"line":38,"column":4},"end":{"line":42,"column":5}},"15":{"start":{"line":39,"column":6},"end":{"line":39,"column":22}},"16":{"start":{"line":41,"column":6},"end":{"line":41,"column":23}},"17":{"start":{"line":45,"column":2},"end":{"line":45,"column":45}}},"fnMap":{"0":{"name":"(anonymous_0)","decl":{"start":{"line":3,"column":20},"end":{"line":3,"column":21}},"loc":{"start":{"line":3,"column":48},"end":{"line":46,"column":1}},"line":3},"1":{"name":"(anonymous_1)","decl":{"start":{"line":17,"column":25},"end":{"line":17,"column":26}},"loc":{"start":{"line":17,"column":35},"end":{"line":19,"column":3}},"line":17},"2":{"name":"(anonymous_2)","decl":{"start":{"line":21,"column":24},"end":{"line":21,"column":25}},"loc":{"start":{"line":21,"column":36},"end":{"line":35,"column":3}},"line":21},"3":{"name":"(anonymous_3)","decl":{"start":{"line":37,"column":12},"end":{"line":37,"column":13}},"loc":{"start":{"line":37,"column":18},"end":{"line":43,"column":3}},"line":37}},"branchMap":{"0":{"loc":{"start":{"line":27,"column":6},"end":{"line":31,"column":7}},"type":"if","locations":[{"start":{"line":27,"column":6},"end":{"line":31,"column":7}},{"start":{"line":29,"column":13},"end":{"line":31,"column":7}}],"line":27},"1":{"loc":{"start":{"line":38,"column":4},"end":{"line":42,"column":5}},"type":"if","locations":[{"start":{"line":38,"column":4},"end":{"line":42,"column":5}},{"start":{"line":40,"column":11},"end":{"line":42,"column":5}}],"line":38},"2":{"loc":{"start":{"line":38,"column":8},"end":{"line":38,"column":52}},"type":"binary-expr","locations":[{"start":{"line":38,"column":8},"end":{"line":38,"column":28}},{"start":{"line":38,"column":32},"end":{"line":38,"column":52}}],"line":38}},"s":{"0":1,"1":0,"2":0,"3":0,"4":0,"5":0,"6":0,"7":0,"8":0,"9":0,"10":0,"11":0,"12":0,"13":0,"14":0,"15":0,"16":0,"17":0},"f":{"0":0,"1":0,"2":0,"3":0},"b":{"0":[0,0],"1":[0,0],"2":[0,0]},"_coverageSchema":"1a1c01bbd47fc00a2c39e90264f33305004495a9","hash":"e38c01e7cc98ad7599747cfd1349e62d72fcd15f"}
,"C:\\Users\\ethan\\OneDrive\\Escritorio\\Project\\challenge-CloudframeWork\\src\\pages\\404.jsx": {"path":"C:\\Users\\ethan\\OneDrive\\Escritorio\\Project\\challenge-CloudframeWork\\src\\pages\\404.jsx","statementMap":{"0":{"start":{"line":4,"column":16},"end":{"line":15,"column":1}},"1":{"start":{"line":5,"column":2},"end":{"line":14,"column":4}}},"fnMap":{"0":{"name":"(anonymous_0)","decl":{"start":{"line":4,"column":16},"end":{"line":4,"column":17}},"loc":{"start":{"line":4,"column":22},"end":{"line":15,"column":1}},"line":4}},"branchMap":{},"s":{"0":1,"1":1},"f":{"0":1},"b":{},"_coverageSchema":"1a1c01bbd47fc00a2c39e90264f33305004495a9","hash":"90a38096a29c5a3098087988055ccd0658f8d79e"}
,"C:\\Users\\ethan\\OneDrive\\Escritorio\\Project\\challenge-CloudframeWork\\src\\pages\\Home.jsx": {"path":"C:\\Users\\ethan\\OneDrive\\Escritorio\\Project\\challenge-CloudframeWork\\src\\pages\\Home.jsx","statementMap":{"0":{"start":{"line":4,"column":13},"end":{"line":25,"column":1}},"1":{"start":{"line":5,"column":2},"end":{"line":24,"column":4}}},"fnMap":{"0":{"name":"(anonymous_0)","decl":{"start":{"line":4,"column":13},"end":{"line":4,"column":14}},"loc":{"start":{"line":4,"column":19},"end":{"line":25,"column":1}},"line":4}},"branchMap":{},"s":{"0":1,"1":1},"f":{"0":1},"b":{},"_coverageSchema":"1a1c01bbd47fc00a2c39e90264f33305004495a9","hash":"f8195457c950cef91afc5c1b2baa3d419e5e2cb2"}
,"C:\\Users\\ethan\\OneDrive\\Escritorio\\Project\\challenge-CloudframeWork\\src\\pages\\LoanRequest.jsx": {"path":"C:\\Users\\ethan\\OneDrive\\Escritorio\\Project\\challenge-CloudframeWork\\src\\pages\\LoanRequest.jsx","statementMap":{"0":{"start":{"line":9,"column":20},"end":{"line":42,"column":1}},"1":{"start":{"line":10,"column":19},"end":{"line":10,"column":32}},"2":{"start":{"line":11,"column":19},"end":{"line":11,"column":32}},"3":{"start":{"line":12,"column":23},"end":{"line":12,"column":54}},"4":{"start":{"line":14,"column":46},"end":{"line":17,"column":3}},"5":{"start":{"line":24,"column":6},"end":{"line":24,"column":53}},"6":{"start":{"line":26,"column":2},"end":{"line":28,"column":3}},"7":{"start":{"line":27,"column":4},"end":{"line":27,"column":57}},"8":{"start":{"line":30,"column":2},"end":{"line":32,"column":3}},"9":{"start":{"line":31,"column":4},"end":{"line":31,"column":52}},"10":{"start":{"line":34,"column":2},"end":{"line":41,"column":4}}},"fnMap":{"0":{"name":"(anonymous_0)","decl":{"start":{"line":9,"column":20},"end":{"line":9,"column":21}},"loc":{"start":{"line":9,"column":26},"end":{"line":42,"column":1}},"line":9}},"branchMap":{"0":{"loc":{"start":{"line":26,"column":2},"end":{"line":28,"column":3}},"type":"if","locations":[{"start":{"line":26,"column":2},"end":{"line":28,"column":3}},{"start":{},"end":{}}],"line":26},"1":{"loc":{"start":{"line":26,"column":6},"end":{"line":26,"column":24}},"type":"binary-expr","locations":[{"start":{"line":26,"column":6},"end":{"line":26,"column":11}},{"start":{"line":26,"column":15},"end":{"line":26,"column":24}}],"line":26},"2":{"loc":{"start":{"line":27,"column":34},"end":{"line":27,"column":52}},"type":"binary-expr","locations":[{"start":{"line":27,"column":34},"end":{"line":27,"column":39}},{"start":{"line":27,"column":43},"end":{"line":27,"column":52}}],"line":27},"3":{"loc":{"start":{"line":30,"column":2},"end":{"line":32,"column":3}},"type":"if","locations":[{"start":{"line":30,"column":2},"end":{"line":32,"column":3}},{"start":{},"end":{}}],"line":30}},"s":{"0":1,"1":3,"2":3,"3":3,"4":3,"5":3,"6":3,"7":1,"8":2,"9":1,"10":1},"f":{"0":3},"b":{"0":[1,2],"1":[3,2],"2":[1,0],"3":[1,1]},"_coverageSchema":"1a1c01bbd47fc00a2c39e90264f33305004495a9","hash":"dd33cfe523190196010bc0330bf495ed69b39daf"}
,"C:\\Users\\ethan\\OneDrive\\Escritorio\\Project\\challenge-CloudframeWork\\src\\utils\\utils.js": {"path":"C:\\Users\\ethan\\OneDrive\\Escritorio\\Project\\challenge-CloudframeWork\\src\\utils\\utils.js","statementMap":{"0":{"start":{"line":2,"column":16},"end":{"line":2,"column":26}},"1":{"start":{"line":3,"column":12},"end":{"line":3,"column":27}},"2":{"start":{"line":4,"column":14},"end":{"line":4,"column":34}},"3":{"start":{"line":5,"column":15},"end":{"line":5,"column":34}},"4":{"start":{"line":7,"column":2},"end":{"line":9,"column":3}},"5":{"start":{"line":8,"column":4},"end":{"line":8,"column":20}},"6":{"start":{"line":10,"column":2},"end":{"line":12,"column":3}},"7":{"start":{"line":11,"column":4},"end":{"line":11,"column":24}},"8":{"start":{"line":14,"column":2},"end":{"line":14,"column":35}}},"fnMap":{"0":{"name":"getCurrentDate","decl":{"start":{"line":1,"column":16},"end":{"line":1,"column":30}},"loc":{"start":{"line":1,"column":33},"end":{"line":15,"column":1}},"line":1}},"branchMap":{"0":{"loc":{"start":{"line":7,"column":2},"end":{"line":9,"column":3}},"type":"if","locations":[{"start":{"line":7,"column":2},"end":{"line":9,"column":3}},{"start":{},"end":{}}],"line":7},"1":{"loc":{"start":{"line":10,"column":2},"end":{"line":12,"column":3}},"type":"if","locations":[{"start":{"line":10,"column":2},"end":{"line":12,"column":3}},{"start":{},"end":{}}],"line":10}},"s":{"0":1,"1":1,"2":1,"3":1,"4":1,"5":0,"6":1,"7":1,"8":1},"f":{"0":1},"b":{"0":[0,1],"1":[1,0]},"_coverageSchema":"1a1c01bbd47fc00a2c39e90264f33305004495a9","hash":"4eb8b890e96851e8c45a049bc6fef072d3241aaf"}
}
